<?xml version="1.0" encoding="UTF-8"?>
<robot generator="Robot 7.1.1 (Python 3.9.13 on win32)" generated="2024-11-07T12:32:54.956226" rpa="false" schemaversion="5">
<suite id="s1" name="Atcmd4" source="D:\Software_Test_Automation_for_Embedded_Systems\Exercise_4\atcmd4.robot">
<test id="s1-t1" name="Only letters" line="11">
<kw name="Test Suite Setup" owner="atcmd4" type="SETUP">
<kw name="Send cmd">
<msg time="2024-11-07T12:32:55.003148" level="FAIL">No keyword with name 'Send cmd' found.</msg>
<arg>AT</arg>
<status status="FAIL" start="2024-11-07T12:32:55.003148" elapsed="0.000000">No keyword with name 'Send cmd' found.</status>
</kw>
<kw name="Check response">
<arg>OK</arg>
<status status="NOT RUN" start="2024-11-07T12:32:55.018773" elapsed="0.000000"/>
</kw>
<kw name="Send cmd">
<arg>ATE0</arg>
<status status="NOT RUN" start="2024-11-07T12:32:55.018773" elapsed="0.000000"/>
</kw>
<kw name="Check response">
<arg>OK</arg>
<status status="NOT RUN" start="2024-11-07T12:32:55.018773" elapsed="0.000000"/>
</kw>
<kw name="Send cmd">
<arg>ATE</arg>
<status status="NOT RUN" start="2024-11-07T12:32:55.018773" elapsed="0.000000"/>
</kw>
<kw name="Response should be">
<arg>OFF</arg>
<status status="NOT RUN" start="2024-11-07T12:32:55.018773" elapsed="0.000000"/>
</kw>
<kw name="Run Keyword And Return Status" owner="BuiltIn">
<var>${response}</var>
<arg>Response should be</arg>
<arg>OK</arg>
<doc>Runs the given keyword with given arguments and returns the status as a Boolean value.</doc>
<status status="NOT RUN" start="2024-11-07T12:32:55.018773" elapsed="0.000000"/>
</kw>
<if>
<branch type="IF" condition="${response}">
<kw name="Log" owner="BuiltIn">
<arg>Local echo off</arg>
<doc>Logs the given message with the given level.</doc>
<status status="NOT RUN" start="2024-11-07T12:32:55.018773" elapsed="0.000000"/>
</kw>
<status status="NOT RUN" start="2024-11-07T12:32:55.018773" elapsed="0.000000"/>
</branch>
<status status="NOT RUN" start="2024-11-07T12:32:55.018773" elapsed="0.001577"/>
</if>
<status status="FAIL" start="2024-11-07T12:32:55.003148" elapsed="0.017202">No keyword with name 'Send cmd' found.</status>
</kw>
<kw name="Test Suite Teardown" owner="atcmd4" type="TEARDOWN">
<kw name="Send cmd">
<msg time="2024-11-07T12:32:55.020350" level="FAIL">No keyword with name 'Send cmd' found.</msg>
<arg>ATE1</arg>
<status status="FAIL" start="2024-11-07T12:32:55.020350" elapsed="0.000000">No keyword with name 'Send cmd' found.</status>
</kw>
<kw name="Response should be">
<msg time="2024-11-07T12:32:55.023517" level="FAIL">No keyword with name 'Response should be' found.</msg>
<arg>OK</arg>
<status status="FAIL" start="2024-11-07T12:32:55.023517" elapsed="0.000000">No keyword with name 'Response should be' found.</status>
</kw>
<kw name="Send cmd">
<msg time="2024-11-07T12:32:55.024243" level="FAIL">No keyword with name 'Send cmd' found.</msg>
<arg>ATE</arg>
<status status="FAIL" start="2024-11-07T12:32:55.024243" elapsed="0.000000">No keyword with name 'Send cmd' found.</status>
</kw>
<kw name="Response should be">
<msg time="2024-11-07T12:32:55.024243" level="FAIL">No keyword with name 'Response should be' found.</msg>
<arg>ATE</arg>
<status status="FAIL" start="2024-11-07T12:32:55.024243" elapsed="0.000000">No keyword with name 'Response should be' found.</status>
</kw>
<kw name="Response should be">
<msg time="2024-11-07T12:32:55.024243" level="FAIL">No keyword with name 'Response should be' found.</msg>
<arg>ON</arg>
<status status="FAIL" start="2024-11-07T12:32:55.024243" elapsed="0.000000">No keyword with name 'Response should be' found.</status>
</kw>
<kw name="Run Keyword And Return Status" owner="BuiltIn">
<kw name="Response should be">
<msg time="2024-11-07T12:32:55.026964" level="FAIL">No keyword with name 'Response should be' found.</msg>
<arg>OK</arg>
<status status="FAIL" start="2024-11-07T12:32:55.026964" elapsed="0.000000">No keyword with name 'Response should be' found.</status>
</kw>
<msg time="2024-11-07T12:32:55.026964" level="INFO">${response} = False</msg>
<var>${response}</var>
<arg>Response should be</arg>
<arg>OK</arg>
<doc>Runs the given keyword with given arguments and returns the status as a Boolean value.</doc>
<status status="PASS" start="2024-11-07T12:32:55.024243" elapsed="0.002721"/>
</kw>
<if>
<branch type="IF" condition="${response}">
<kw name="Log" owner="BuiltIn">
<arg>Local echo ON</arg>
<doc>Logs the given message with the given level.</doc>
<status status="NOT RUN" start="2024-11-07T12:32:55.026964" elapsed="0.000000"/>
</kw>
<status status="NOT RUN" start="2024-11-07T12:32:55.026964" elapsed="0.000000"/>
</branch>
<status status="PASS" start="2024-11-07T12:32:55.026964" elapsed="0.000000"/>
</if>
<status status="FAIL" start="2024-11-07T12:32:55.020350" elapsed="0.006614">Several failures occurred:

1) No keyword with name 'Send cmd' found.

2) No keyword with name 'Response should be' found.

3) No keyword with name 'Send cmd' found.

4) No keyword with name 'Response should be' found.

5) No keyword with name 'Response should be' found.</status>
</kw>
<tag>text_only</tag>
<status status="FAIL" start="2024-11-07T12:32:55.003148" elapsed="0.023816">Setup failed:
No keyword with name 'Send cmd' found.

Also teardown failed:
Several failures occurred:

1) No keyword with name 'Send cmd' found.

2) No keyword with name 'Response should be' found.

3) No keyword with name 'Send cmd' found.

4) No keyword with name 'Response should be' found.

5) No keyword with name 'Response should be' found.</status>
</test>
<test id="s1-t2" name="Letters and numbers and special characters" line="15">
<kw name="Test Suite Setup" owner="atcmd4" type="SETUP">
<kw name="Send cmd">
<msg time="2024-11-07T12:32:55.033084" level="FAIL">No keyword with name 'Send cmd' found.</msg>
<arg>AT</arg>
<status status="FAIL" start="2024-11-07T12:32:55.033084" elapsed="0.000000">No keyword with name 'Send cmd' found.</status>
</kw>
<kw name="Check response">
<arg>OK</arg>
<status status="NOT RUN" start="2024-11-07T12:32:55.033084" elapsed="0.000000"/>
</kw>
<kw name="Send cmd">
<arg>ATE0</arg>
<status status="NOT RUN" start="2024-11-07T12:32:55.033084" elapsed="0.000000"/>
</kw>
<kw name="Check response">
<arg>OK</arg>
<status status="NOT RUN" start="2024-11-07T12:32:55.033084" elapsed="0.000000"/>
</kw>
<kw name="Send cmd">
<arg>ATE</arg>
<status status="NOT RUN" start="2024-11-07T12:32:55.033084" elapsed="0.000000"/>
</kw>
<kw name="Response should be">
<arg>OFF</arg>
<status status="NOT RUN" start="2024-11-07T12:32:55.033084" elapsed="0.000000"/>
</kw>
<kw name="Run Keyword And Return Status" owner="BuiltIn">
<var>${response}</var>
<arg>Response should be</arg>
<arg>OK</arg>
<doc>Runs the given keyword with given arguments and returns the status as a Boolean value.</doc>
<status status="NOT RUN" start="2024-11-07T12:32:55.033084" elapsed="0.000000"/>
</kw>
<if>
<branch type="IF" condition="${response}">
<kw name="Log" owner="BuiltIn">
<arg>Local echo off</arg>
<doc>Logs the given message with the given level.</doc>
<status status="NOT RUN" start="2024-11-07T12:32:55.033084" elapsed="0.000000"/>
</kw>
<status status="NOT RUN" start="2024-11-07T12:32:55.033084" elapsed="0.000000"/>
</branch>
<status status="NOT RUN" start="2024-11-07T12:32:55.033084" elapsed="0.000000"/>
</if>
<status status="FAIL" start="2024-11-07T12:32:55.033084" elapsed="0.000000">No keyword with name 'Send cmd' found.</status>
</kw>
<kw name="Test Suite Teardown" owner="atcmd4" type="TEARDOWN">
<kw name="Send cmd">
<msg time="2024-11-07T12:32:55.033084" level="FAIL">No keyword with name 'Send cmd' found.</msg>
<arg>ATE1</arg>
<status status="FAIL" start="2024-11-07T12:32:55.033084" elapsed="0.000000">No keyword with name 'Send cmd' found.</status>
</kw>
<kw name="Response should be">
<msg time="2024-11-07T12:32:55.033084" level="FAIL">No keyword with name 'Response should be' found.</msg>
<arg>OK</arg>
<status status="FAIL" start="2024-11-07T12:32:55.033084" elapsed="0.000000">No keyword with name 'Response should be' found.</status>
</kw>
<kw name="Send cmd">
<msg time="2024-11-07T12:32:55.033084" level="FAIL">No keyword with name 'Send cmd' found.</msg>
<arg>ATE</arg>
<status status="FAIL" start="2024-11-07T12:32:55.033084" elapsed="0.000000">No keyword with name 'Send cmd' found.</status>
</kw>
<kw name="Response should be">
<msg time="2024-11-07T12:32:55.033084" level="FAIL">No keyword with name 'Response should be' found.</msg>
<arg>ATE</arg>
<status status="FAIL" start="2024-11-07T12:32:55.033084" elapsed="0.000000">No keyword with name 'Response should be' found.</status>
</kw>
<kw name="Response should be">
<msg time="2024-11-07T12:32:55.033084" level="FAIL">No keyword with name 'Response should be' found.</msg>
<arg>ON</arg>
<status status="FAIL" start="2024-11-07T12:32:55.033084" elapsed="0.000000">No keyword with name 'Response should be' found.</status>
</kw>
<kw name="Run Keyword And Return Status" owner="BuiltIn">
<kw name="Response should be">
<msg time="2024-11-07T12:32:55.040641" level="FAIL">No keyword with name 'Response should be' found.</msg>
<arg>OK</arg>
<status status="FAIL" start="2024-11-07T12:32:55.040641" elapsed="0.000000">No keyword with name 'Response should be' found.</status>
</kw>
<msg time="2024-11-07T12:32:55.040641" level="INFO">${response} = False</msg>
<var>${response}</var>
<arg>Response should be</arg>
<arg>OK</arg>
<doc>Runs the given keyword with given arguments and returns the status as a Boolean value.</doc>
<status status="PASS" start="2024-11-07T12:32:55.033084" elapsed="0.007557"/>
</kw>
<if>
<branch type="IF" condition="${response}">
<kw name="Log" owner="BuiltIn">
<arg>Local echo ON</arg>
<doc>Logs the given message with the given level.</doc>
<status status="NOT RUN" start="2024-11-07T12:32:55.040641" elapsed="0.000000"/>
</kw>
<status status="NOT RUN" start="2024-11-07T12:32:55.040641" elapsed="0.000000"/>
</branch>
<status status="PASS" start="2024-11-07T12:32:55.040641" elapsed="0.000000"/>
</if>
<status status="FAIL" start="2024-11-07T12:32:55.033084" elapsed="0.007557">Several failures occurred:

1) No keyword with name 'Send cmd' found.

2) No keyword with name 'Response should be' found.

3) No keyword with name 'Send cmd' found.

4) No keyword with name 'Response should be' found.

5) No keyword with name 'Response should be' found.</status>
</kw>
<tag>mixed</tag>
<status status="FAIL" start="2024-11-07T12:32:55.032267" elapsed="0.008374">Setup failed:
No keyword with name 'Send cmd' found.

Also teardown failed:
Several failures occurred:

1) No keyword with name 'Send cmd' found.

2) No keyword with name 'Response should be' found.

3) No keyword with name 'Send cmd' found.

4) No keyword with name 'Response should be' found.

5) No keyword with name 'Response should be' found.</status>
</test>
<doc>This is a test suite for the AT Command Library</doc>
<status status="FAIL" start="2024-11-07T12:32:54.956226" elapsed="0.089577"/>
</suite>
<statistics>
<total>
<stat pass="0" fail="2" skip="0">All Tests</stat>
</total>
<tag>
<stat pass="0" fail="1" skip="0">mixed</stat>
<stat pass="0" fail="1" skip="0">text_only</stat>
</tag>
<suite>
<stat pass="0" fail="2" skip="0" id="s1" name="Atcmd4">Atcmd4</stat>
</suite>
</statistics>
<errors>
<msg time="2024-11-07T12:32:55.003148" level="ERROR">Error in file 'D:\Software_Test_Automation_for_Embedded_Systems\Exercise_4\atcmd4.resource' on line 2: Initializing library 'AtCommandLibrary' with arguments [ COM20 ] failed: SerialException: could not open port 'COM20': PermissionError(13, 'Access is denied.', None, 5)
Traceback (most recent call last):
  File "D:\Software_Test_Automation_for_Embedded_Systems\Exercise_4\AtCommandLibrary.py", line 9, in __init__
    self._port = serial.Serial(port, 115200, timeout = 1)
  File "C:\Users\iamna\AppData\Local\Programs\Python\Python39\lib\site-packages\serial\serialwin32.py", line 33, in __init__
    super(Serial, self).__init__(*args, **kwargs)
  File "C:\Users\iamna\AppData\Local\Programs\Python\Python39\lib\site-packages\serial\serialutil.py", line 244, in __init__
    self.open()
  File "C:\Users\iamna\AppData\Local\Programs\Python\Python39\lib\site-packages\serial\serialwin32.py", line 64, in open
    raise SerialException("could not open port {!r}: {!r}".format(self.portstr, ctypes.WinError()))
serial.serialutil.SerialException: could not open port 'COM20': PermissionError(13, 'Access is denied.', None, 5)</msg>
</errors>
</robot>
